This file contains any messages produced by compilers while
running CMake, to aid debugging if configure makes a mistake.

It was created by HydraConsole CMake configuration process 1.0-14-g5bcc-dirty, which was
generated by CMake 3.6.2.

## --------- ##
## Platform. ##
## --------- ##

hostname = ubuntu
system = Linux-3.14.23-rt20
processor = x86_64
generator = Unix Makefiles

PATH /usr/lib/x86_64-linux-gnu/qt5/bin
PATH /usr/bin
PATH /usr/lib/x86_64-linux-gnu/qt5/bin
PATH /usr/bin
PATH /opt/ros/indigo/bin
PATH /usr/local/sbin
PATH /usr/local/bin
PATH /usr/sbin
PATH /usr/bin
PATH /sbin
PATH /bin
PATH /usr/games
PATH /usr/local/games
PATH /usr/lib/jvm/java-8-oracle/bin
PATH /usr/lib/jvm/java-8-oracle/db/bin
PATH /usr/lib/jvm/java-8-oracle/jre/bin

PKG_CONFIG_PATH /opt/ros/indigo/lib/pkgconfig

## ---------------- ##
## CMake variables. ##
## ---------------- ##

CMAKE_ROOT = /home/murotani/Desktop/cmake-3.6.2
CMAKE_INCLUDE_PATH = 
CMAKE_LIBRARY_PATH = 
CMAKE_PREFIX_PATH = 
CMAKE_INSTALL_ALWAYS = 
CMAKE_SKIP_RPATH = NO
CMAKE_SUPPRESS_REGENERATION = 
BUILD_SHARED_LIBS = 

CMAKE_INSTALL_PREFIX = /usr/local
PROJECT_SOURCE_DIR = /home/murotani/ethercat/ecmaster_integration/robot_console
PROJECT_SOURCE_DIR = /home/murotani/ethercat/ecmaster_integration/robot_console
PROJECT_BINARY_DIR = /home/murotani/ethercat/ecmaster_integration/build-robot_console-Desktop-Default
CMAKE_BINARY_DIR = /home/murotani/ethercat/ecmaster_integration/build-robot_console-Desktop-Default

CMAKE_AR = /usr/bin/ar
CMAKE_RANLIB = /usr/bin/ranlib
CMAKE_BUILD_TYPE = Debug
CMAKE_CONFIGURATION_TYPES = 
CMAKE_SHARED_LINKER_FLAGS = 

CMAKE_C_COMPILER = /usr/bin/cc
CMAKE_C_FLAGS = 
CMAKE_C_FLAGS_DEBUG = -g
CMAKE_C_FLAGS_RELEASE = -O3 -DNDEBUG
CMAKE_CXX_COMPILER = /usr/bin/c++
CMAKE_CXX_FLAGS =  -pedantic -Wno-long-long -Wall -Wextra -Wcast-align -Wcast-qual -Wformat -Wwrite-strings -Wconversion  -std=gnu++0x
CMAKE_CXX_FLAGS_DEBUG = -g
CMAKE_CXX_FLAGS_RELEASE = -O3 -DNDEBUG
CMAKE_CXX_FLAGS_RELWITHDEBINFO = -O2 -g -DNDEBUG

CMAKE_STATIC_LIBRARY_PREFIX = lib
CMAKE_STATIC_LIBRARY_SUFFIX = .a
CMAKE_SHARED_LIBRARY_PREFIX = lib
CMAKE_SHARED_LIBRARY_SUFFIX = .so
CMAKE_SHARED_MODULE_PREFIX = lib
CMAKE_SHARED_MODULE_SUFFIX = .so

## ------------------ ##
## Watched variables. ##
## ------------------ ##

Boost_USE_MULTITHREADED = TRUE
Boost_USE_STATIC_LIBS = OFF
Boost_ADDITIONAL_VERSIONS = undefined
Boost_DEBUG = undefined
Boost_COMPILER = undefined
BOOST_ROOT = undefined
BOOSTROOT = undefined
BOOST_INCLUDEDIR = undefined
BOOST_LIBRARYDIR = undefined
Boost_FOUND = 1
Boost_INCLUDE_DIRS = /usr/include
Boost_INCLUDE_DIR = /usr/include
Boost_LIBRARIES = /usr/lib/x86_64-linux-gnu/libboost_filesystem.so;/usr/lib/x86_64-linux-gnu/libboost_system.so;/usr/lib/x86_64-linux-gnu/libboost_thread.so;/usr/lib/x86_64-linux-gnu/libboost_program_options.so;/usr/lib/x86_64-linux-gnu/libboost_unit_test_framework.so;/usr/lib/x86_64-linux-gnu/libboost_chrono.so;/usr/lib/x86_64-linux-gnu/libboost_date_time.so;/usr/lib/x86_64-linux-gnu/libboost_atomic.so
Boost_LIBRARY_DIRS = /usr/lib/x86_64-linux-gnu
Boost_VERSION = 105400
Boost_LIB_VERSION = 1_54
Boost_MAJOR_VERSION = 1
Boost_MINOR_VERSION = 54
Boost_SUBMINOR_VERSION = 0
Boost_LIB_DIAGNOSTIC_DEFINITIONS = undefined
Boost_FILESYSTEM_FOUND = ON
Boost_FILESYSTEM_LIBRARY = /usr/lib/x86_64-linux-gnu/libboost_filesystem.so
Boost_FILESYSTEM_LIBRARY_DEBUG = /usr/lib/x86_64-linux-gnu/libboost_filesystem.so
Boost_FILESYSTEM_LIBRARY_RELEASE = /usr/lib/x86_64-linux-gnu/libboost_filesystem.so
Boost_SYSTEM_FOUND = ON
Boost_SYSTEM_LIBRARY = /usr/lib/x86_64-linux-gnu/libboost_system.so
Boost_SYSTEM_LIBRARY_DEBUG = /usr/lib/x86_64-linux-gnu/libboost_system.so
Boost_SYSTEM_LIBRARY_RELEASE = /usr/lib/x86_64-linux-gnu/libboost_system.so
Boost_THREAD_FOUND = ON
Boost_THREAD_LIBRARY = /usr/lib/x86_64-linux-gnu/libboost_thread.so
Boost_THREAD_LIBRARY_DEBUG = /usr/lib/x86_64-linux-gnu/libboost_thread.so
Boost_THREAD_LIBRARY_RELEASE = /usr/lib/x86_64-linux-gnu/libboost_thread.so
Boost_PROGRAM_OPTIONS_FOUND = ON
Boost_PROGRAM_OPTIONS_LIBRARY = /usr/lib/x86_64-linux-gnu/libboost_program_options.so
Boost_PROGRAM_OPTIONS_LIBRARY_DEBUG = /usr/lib/x86_64-linux-gnu/libboost_program_options.so
Boost_PROGRAM_OPTIONS_LIBRARY_RELEASE = /usr/lib/x86_64-linux-gnu/libboost_program_options.so
Boost_UNIT_TEST_FRAMEWORK_FOUND = ON
Boost_UNIT_TEST_FRAMEWORK_LIBRARY = /usr/lib/x86_64-linux-gnu/libboost_unit_test_framework.so
Boost_UNIT_TEST_FRAMEWORK_LIBRARY_DEBUG = /usr/lib/x86_64-linux-gnu/libboost_unit_test_framework.so
Boost_UNIT_TEST_FRAMEWORK_LIBRARY_RELEASE = /usr/lib/x86_64-linux-gnu/libboost_unit_test_framework.so
WARNING_CXX_FLAGS =  -pedantic -Wno-long-long -Wall -Wextra -Wcast-align -Wcast-qual -Wformat -Wwrite-strings -Wconversion
_PKG_CONFIG_FOUND = undefined
PKG_CONFIG_EXECUTABLE = /usr/bin/pkg-config
_PKG_CONFIG_PREFIX = /usr/local
_PKG_CONFIG_EXEC_PREFIX = /usr/local
_PKG_CONFIG_LIBDIR = /usr/local/lib
_PKG_CONFIG_BINDIR = /usr/local/bin
_PKG_CONFIG_PKGLIBDIR = /usr/local/lib/HydraConsole
_PKG_CONFIG_INCLUDEDIR = /usr/local/include
_PKG_CONFIG_DATAROOTDIR = /usr/local/share
_PKG_CONFIG_PKGDATAROOTDIR = /usr/local/share
_PKG_CONFIG_DOCDIR = /usr/local/share/doc/HydraConsole
_PKG_CONFIG_DOXYGENDOCDIR = /usr/local/share/doc/HydraConsole/doxygen-html
_PKG_CONFIG_PROJECT_NAME = HydraConsole
_PKG_CONFIG_DESCRIPTION = temp
_PKG_CONFIG_URL = 
_PKG_CONFIG_VERSION = 1.0-14-g5bcc-dirty
_PKG_CONFIG_REQUIRES = roscpp, tf
_PKG_CONFIG_REQUIRES_DEBUG = 
_PKG_CONFIG_REQUIRES_OPTIMIZED = 
_PKG_CONFIG_CONFLICTS = 
_PKG_CONFIG_LIBS = 
_PKG_CONFIG_LIBS_DEBUG = -L${libdir}
_PKG_CONFIG_LIBS_OPTIMIZED = -L${libdir}
_PKG_CONFIG_LIBS_PRIVATE = 
_PKG_CONFIG_CFLAGS = -I${includedir}
_PKG_CONFIG_CFLAGS_DEBUG = 
_PKG_CONFIG_CFLAGS_OPTIMIZED = 
PKG_CONFIG_EXTRA = 
DOXYGEN_SKIP_DOT = undefined
DOXYGEN_EXECUTABLE = /usr/bin/doxygen
DOXYGEN_FOUND = YES
DOXYGEN_DOT_EXECUTABLE = /usr/bin/dot
DOXYGEN_DOT_FOUND = YES
DOXYGEN_DOT_PATH = /usr/bin
DOXYGEN_DOT_IMAGE_FORMAT = svg
DOXYGEN_USE_MATHJAX = YES
DOXYGEN_USE_TEMPLATE_CSS = YES
ROSCPP_FOUND = 1
ROSCPP_LIBRARIES = roscpp;pthread;:/usr/lib/x86_64-linux-gnu/libboost_signals.so;:/usr/lib/x86_64-linux-gnu/libboost_filesystem.so;rosconsole;rosconsole_log4cxx;rosconsole_backend_interface;:/usr/lib/liblog4cxx.so;:/usr/lib/x86_64-linux-gnu/libboost_regex.so;xmlrpcpp;roscpp_serialization;rostime;:/usr/lib/x86_64-linux-gnu/libboost_date_time.so;cpp_common;:/usr/lib/x86_64-linux-gnu/libboost_system.so;:/usr/lib/x86_64-linux-gnu/libboost_thread.so;:/usr/lib/x86_64-linux-gnu/libpthread.so;:/usr/lib/x86_64-linux-gnu/libconsole_bridge.so
ROSCPP_LIBRARY_DIRS = /opt/ros/indigo/lib
ROSCPP_LDFLAGS = -L/opt/ros/indigo/lib;-lroscpp;-lpthread;-l:/usr/lib/x86_64-linux-gnu/libboost_signals.so;-l:/usr/lib/x86_64-linux-gnu/libboost_filesystem.so;-lrosconsole;-lrosconsole_log4cxx;-lrosconsole_backend_interface;-l:/usr/lib/liblog4cxx.so;-l:/usr/lib/x86_64-linux-gnu/libboost_regex.so;-lxmlrpcpp;-lroscpp_serialization;-lrostime;-l:/usr/lib/x86_64-linux-gnu/libboost_date_time.so;-lcpp_common;-l:/usr/lib/x86_64-linux-gnu/libboost_system.so;-l:/usr/lib/x86_64-linux-gnu/libboost_thread.so;-l:/usr/lib/x86_64-linux-gnu/libpthread.so;-l:/usr/lib/x86_64-linux-gnu/libconsole_bridge.so
ROSCPP_LDFLAGS_OTHER = 
ROSCPP_INCLUDE_DIRS = /opt/ros/indigo/include
ROSCPP_CFLAGS = -I/opt/ros/indigo/include
ROSCPP_CFLAGS_OTHER = 
ROSCPP = undefined
ROSCPP_STATIC = undefined
ROSCPP_VERSION = 1.11.21
ROSCPP_PREFIX = /opt/ros/indigo
ROSCPP_INCLUDEDIR = 
ROSCPP_LIBDIR = 
ROSCPP_PKGLIBDIR = 
ROSCPP_BINDIR = 
ROSCPP_DATAROOTDIR = 
ROSCPP_PKGDATAROOTDIR = 
ROSCPP_DOCDIR = 
ROSCPP_DOXYGENDOCDIR = 
ROSCPP_PLUGINDIRNAME = 
ROSCPP_PLUGINDIR = 
TF_FOUND = 1
TF_LIBRARIES = tf;tf2_ros;actionlib;message_filters;roscpp;pthread;:/usr/lib/x86_64-linux-gnu/libboost_signals.so;:/usr/lib/x86_64-linux-gnu/libboost_filesystem.so;rosconsole;rosconsole_log4cxx;rosconsole_backend_interface;:/usr/lib/liblog4cxx.so;:/usr/lib/x86_64-linux-gnu/libboost_regex.so;xmlrpcpp;tf2;roscpp_serialization;rostime;:/usr/lib/x86_64-linux-gnu/libboost_date_time.so;cpp_common;:/usr/lib/x86_64-linux-gnu/libboost_system.so;:/usr/lib/x86_64-linux-gnu/libboost_thread.so;:/usr/lib/x86_64-linux-gnu/libpthread.so;:/usr/lib/x86_64-linux-gnu/libconsole_bridge.so
TF_LIBRARY_DIRS = /opt/ros/indigo/lib
TF_LDFLAGS = -L/opt/ros/indigo/lib;-ltf;-ltf2_ros;-lactionlib;-lmessage_filters;-lroscpp;-lpthread;-l:/usr/lib/x86_64-linux-gnu/libboost_signals.so;-l:/usr/lib/x86_64-linux-gnu/libboost_filesystem.so;-lrosconsole;-lrosconsole_log4cxx;-lrosconsole_backend_interface;-l:/usr/lib/liblog4cxx.so;-l:/usr/lib/x86_64-linux-gnu/libboost_regex.so;-lxmlrpcpp;-ltf2;-lroscpp_serialization;-lrostime;-l:/usr/lib/x86_64-linux-gnu/libboost_date_time.so;-lcpp_common;-l:/usr/lib/x86_64-linux-gnu/libboost_system.so;-l:/usr/lib/x86_64-linux-gnu/libboost_thread.so;-l:/usr/lib/x86_64-linux-gnu/libpthread.so;-l:/usr/lib/x86_64-linux-gnu/libconsole_bridge.so
TF_LDFLAGS_OTHER = 
TF_INCLUDE_DIRS = /opt/ros/indigo/include
TF_CFLAGS = -I/opt/ros/indigo/include
TF_CFLAGS_OTHER = 
TF = undefined
TF_STATIC = undefined
TF_VERSION = 1.11.8
TF_PREFIX = /opt/ros/indigo
TF_INCLUDEDIR = 
TF_LIBDIR = 
TF_PKGLIBDIR = 
TF_BINDIR = 
TF_DATAROOTDIR = 
TF_PKGDATAROOTDIR = 
TF_DOCDIR = 
TF_DOXYGENDOCDIR = 
TF_PLUGINDIRNAME = 
TF_PLUGINDIR = 
## ---------------- ##
## Watched targets. ##
## ---------------- ##

